============================= test session starts ==============================
platform darwin -- Python 3.14.2, pytest-9.0.3, pluggy-1.6.0
rootdir: /Users/donavanyieh/Documents/test/.sandbox/run_29e27059/fix_e6434c78ab
configfile: pyproject.toml
testpaths: tests
plugins: anyio-4.13.0
collected 3 items

tests/test_shop_smoke.py ...                                             [100%]

=============================== warnings summary ===============================
../../../.venv/lib/python3.14/site-packages/fastapi/testclient.py:1
  /Users/donavanyieh/Documents/test/.venv/lib/python3.14/site-packages/fastapi/testclient.py:1: StarletteDeprecationWarning: Using `httpx` with `starlette.testclient` is deprecated; install `httpx2` instead.
    from starlette.testclient import TestClient as TestClient  # noqa

-- Docs: https://docs.pytest.org/en/stable/how-to/capture-warnings.html
========================= 3 passed, 1 warning in 0.14s =========================

